2018-08-23 11:05:18,956 [Worker-3] INFO  c.g.t.t.d.PublishedGradleVersions - Gradle version information cache is up-to-date. Trying to read.
2018-08-23 12:12:16,531 [Worker-39] INFO  o.e.m.c.i.l.LifecycleMappingFactory - Using org.maven.ide.eclipse.wtp.WarLifecycleMapping lifecycle mapping for MavenProject: br.com.javamagazine:promocoes:1.0.0-SNAPSHOT @ /Users/guimaraes/Google Drive/Devmedia/SPRING/artigo/IntrAqMSSpringBoot/codigo/promocoes/pom.xml.
2018-08-23 12:12:19,392 [Worker-39] INFO  o.e.m.j.i.AbstractJavaProjectConfigurator - Adding source folder /promocoes/src/main/java
2018-08-23 12:12:19,397 [Worker-39] INFO  o.e.m.j.i.AbstractJavaProjectConfigurator - Adding resource folder /promocoes/src/main/resources
2018-08-23 12:12:19,399 [Worker-39] INFO  o.e.m.j.i.AbstractJavaProjectConfigurator - Adding source folder /promocoes/src/test/java
2018-08-23 12:12:19,399 [Worker-39] INFO  o.e.m.j.i.AbstractJavaProjectConfigurator - Adding resource folder /promocoes/src/test/resources
2018-08-23 12:12:25,170 [Worker-39] WARN  o.e.m.c.i.embedder.EclipseLogger - Using platform encoding (UTF-8 actually) to copy filtered resources, i.e. build is platform dependent!
2018-08-23 12:12:25,265 [Worker-39] INFO  o.e.m.c.i.embedder.EclipseLogger - Copying 0 resource
2018-08-23 12:12:25,272 [Worker-39] WARN  o.e.m.c.i.embedder.EclipseLogger - Using platform encoding (UTF-8 actually) to copy filtered resources, i.e. build is platform dependent!
2018-08-23 12:12:25,277 [Worker-39] INFO  o.e.m.c.i.embedder.EclipseLogger - Copying 0 resource
2018-08-23 12:12:28,751 [Worker-46] WARN  o.e.m.c.i.embedder.EclipseLogger - Using platform encoding (UTF-8 actually) to copy filtered resources, i.e. build is platform dependent!
2018-08-23 12:12:28,769 [Worker-46] INFO  o.e.m.c.i.embedder.EclipseLogger - Copying 0 resource
2018-08-23 12:12:28,778 [Worker-46] WARN  o.e.m.c.i.embedder.EclipseLogger - Using platform encoding (UTF-8 actually) to copy filtered resources, i.e. build is platform dependent!
2018-08-23 12:12:28,780 [Worker-46] INFO  o.e.m.c.i.embedder.EclipseLogger - Copying 0 resource
2018-08-23 13:19:15,239 [Worker-65] WARN  o.e.m.c.i.embedder.EclipseLogger - Using platform encoding (UTF-8 actually) to copy filtered resources, i.e. build is platform dependent!
2018-08-23 13:19:15,302 [Worker-65] INFO  o.e.m.c.i.embedder.EclipseLogger - Copying 0 resource
2018-08-23 13:19:15,339 [Worker-65] WARN  o.e.m.c.i.embedder.EclipseLogger - Using platform encoding (UTF-8 actually) to copy filtered resources, i.e. build is platform dependent!
2018-08-23 13:19:15,341 [Worker-65] INFO  o.e.m.c.i.embedder.EclipseLogger - Copying 0 resource
2018-08-23 13:20:02,763 [Worker-63] WARN  o.e.m.c.i.embedder.EclipseLogger - Using platform encoding (UTF-8 actually) to copy filtered resources, i.e. build is platform dependent!
2018-08-23 13:20:02,780 [Worker-63] INFO  o.e.m.c.i.embedder.EclipseLogger - Copying 0 resource
2018-08-23 13:20:02,784 [Worker-63] WARN  o.e.m.c.i.embedder.EclipseLogger - Using platform encoding (UTF-8 actually) to copy filtered resources, i.e. build is platform dependent!
2018-08-23 13:20:02,786 [Worker-63] INFO  o.e.m.c.i.embedder.EclipseLogger - Copying 0 resource
2018-08-23 13:26:47,788 [Worker-68] INFO  o.e.m.c.i.l.LifecycleMappingFactory - Using org.maven.ide.eclipse.wtp.WarLifecycleMapping lifecycle mapping for MavenProject: br.com.javamagazine:promocoes:1.0.0-SNAPSHOT @ /Users/guimaraes/Google Drive/Devmedia/SPRING/artigo/IntrAqMSSpringBoot/codigo/promocoes/pom.xml.
2018-08-23 13:26:50,141 [Worker-68] INFO  o.e.m.c.i.e.AbstractTransferListenerAdapter - Downloading https://repo.maven.apache.org/maven2/org/springframework/boot/spring-boot-starter-web/1.2.3.RELEASE/spring-boot-starter-web-1.2.3.RELEASE.pom
2018-08-23 13:26:50,475 [Worker-68] INFO  o.e.m.c.i.e.AbstractTransferListenerAdapter - Downloaded https://repo.maven.apache.org/maven2/org/springframework/boot/spring-boot-starter-web/1.2.3.RELEASE/spring-boot-starter-web-1.2.3.RELEASE.pom
2018-08-23 13:26:50,760 [Worker-68] INFO  o.e.m.c.i.e.AbstractTransferListenerAdapter - Downloading https://repo.maven.apache.org/maven2/org/springframework/boot/spring-boot-starters/1.2.3.RELEASE/spring-boot-starters-1.2.3.RELEASE.pom
2018-08-23 13:26:51,088 [Worker-68] INFO  o.e.m.c.i.e.AbstractTransferListenerAdapter - Downloaded https://repo.maven.apache.org/maven2/org/springframework/boot/spring-boot-starters/1.2.3.RELEASE/spring-boot-starters-1.2.3.RELEASE.pom
2018-08-23 13:26:51,281 [Worker-68] INFO  o.e.m.c.i.e.AbstractTransferListenerAdapter - Downloading https://repo.maven.apache.org/maven2/org/springframework/boot/spring-boot-parent/1.2.3.RELEASE/spring-boot-parent-1.2.3.RELEASE.pom
2018-08-23 13:26:51,675 [Worker-68] INFO  o.e.m.c.i.e.AbstractTransferListenerAdapter - Downloaded https://repo.maven.apache.org/maven2/org/springframework/boot/spring-boot-parent/1.2.3.RELEASE/spring-boot-parent-1.2.3.RELEASE.pom
2018-08-23 13:26:51,888 [Worker-68] INFO  o.e.m.c.i.e.AbstractTransferListenerAdapter - Downloading https://repo.maven.apache.org/maven2/org/springframework/boot/spring-boot-dependencies/1.2.3.RELEASE/spring-boot-dependencies-1.2.3.RELEASE.pom
2018-08-23 13:26:52,290 [Worker-68] INFO  o.e.m.c.i.e.AbstractTransferListenerAdapter - Downloaded https://repo.maven.apache.org/maven2/org/springframework/boot/spring-boot-dependencies/1.2.3.RELEASE/spring-boot-dependencies-1.2.3.RELEASE.pom
2018-08-23 13:26:52,536 [Worker-68] INFO  o.e.m.c.i.e.AbstractTransferListenerAdapter - Downloading https://repo.maven.apache.org/maven2/org/springframework/boot/spring-boot-starter/1.2.3.RELEASE/spring-boot-starter-1.2.3.RELEASE.pom
2018-08-23 13:26:52,767 [Worker-68] INFO  o.e.m.c.i.e.AbstractTransferListenerAdapter - Downloaded https://repo.maven.apache.org/maven2/org/springframework/boot/spring-boot-starter/1.2.3.RELEASE/spring-boot-starter-1.2.3.RELEASE.pom
2018-08-23 13:26:52,982 [Worker-68] INFO  o.e.m.c.i.e.AbstractTransferListenerAdapter - Downloading https://repo.maven.apache.org/maven2/org/springframework/boot/spring-boot/1.2.3.RELEASE/spring-boot-1.2.3.RELEASE.pom
2018-08-23 13:26:53,221 [Worker-68] INFO  o.e.m.c.i.e.AbstractTransferListenerAdapter - Downloaded https://repo.maven.apache.org/maven2/org/springframework/boot/spring-boot/1.2.3.RELEASE/spring-boot-1.2.3.RELEASE.pom
2018-08-23 13:26:53,450 [Worker-68] INFO  o.e.m.c.i.e.AbstractTransferListenerAdapter - Downloading https://repo.maven.apache.org/maven2/org/springframework/boot/spring-boot-autoconfigure/1.2.3.RELEASE/spring-boot-autoconfigure-1.2.3.RELEASE.pom
2018-08-23 13:26:53,689 [Worker-68] INFO  o.e.m.c.i.e.AbstractTransferListenerAdapter - Downloaded https://repo.maven.apache.org/maven2/org/springframework/boot/spring-boot-autoconfigure/1.2.3.RELEASE/spring-boot-autoconfigure-1.2.3.RELEASE.pom
2018-08-23 13:26:53,911 [Worker-68] INFO  o.e.m.c.i.e.AbstractTransferListenerAdapter - Downloading https://repo.maven.apache.org/maven2/org/springframework/boot/spring-boot-starter-logging/1.2.3.RELEASE/spring-boot-starter-logging-1.2.3.RELEASE.pom
2018-08-23 13:26:54,137 [Worker-68] INFO  o.e.m.c.i.e.AbstractTransferListenerAdapter - Downloaded https://repo.maven.apache.org/maven2/org/springframework/boot/spring-boot-starter-logging/1.2.3.RELEASE/spring-boot-starter-logging-1.2.3.RELEASE.pom
2018-08-23 13:26:54,344 [Worker-68] INFO  o.e.m.c.i.e.AbstractTransferListenerAdapter - Downloading https://repo.maven.apache.org/maven2/org/slf4j/jcl-over-slf4j/1.7.11/jcl-over-slf4j-1.7.11.pom
2018-08-23 13:26:54,639 [Worker-68] INFO  o.e.m.c.i.e.AbstractTransferListenerAdapter - Downloaded https://repo.maven.apache.org/maven2/org/slf4j/jcl-over-slf4j/1.7.11/jcl-over-slf4j-1.7.11.pom
2018-08-23 13:26:54,833 [Worker-68] INFO  o.e.m.c.i.e.AbstractTransferListenerAdapter - Downloading https://repo.maven.apache.org/maven2/org/slf4j/slf4j-parent/1.7.11/slf4j-parent-1.7.11.pom
2018-08-23 13:26:55,029 [Worker-68] INFO  o.e.m.c.i.e.AbstractTransferListenerAdapter - Downloaded https://repo.maven.apache.org/maven2/org/slf4j/slf4j-parent/1.7.11/slf4j-parent-1.7.11.pom
2018-08-23 13:26:55,266 [Worker-68] INFO  o.e.m.c.i.e.AbstractTransferListenerAdapter - Downloading https://repo.maven.apache.org/maven2/org/slf4j/slf4j-api/1.7.11/slf4j-api-1.7.11.pom
2018-08-23 13:26:55,455 [Worker-68] INFO  o.e.m.c.i.e.AbstractTransferListenerAdapter - Downloaded https://repo.maven.apache.org/maven2/org/slf4j/slf4j-api/1.7.11/slf4j-api-1.7.11.pom
2018-08-23 13:26:55,657 [Worker-68] INFO  o.e.m.c.i.e.AbstractTransferListenerAdapter - Downloading https://repo.maven.apache.org/maven2/org/slf4j/jul-to-slf4j/1.7.11/jul-to-slf4j-1.7.11.pom
2018-08-23 13:26:55,847 [Worker-68] INFO  o.e.m.c.i.e.AbstractTransferListenerAdapter - Downloaded https://repo.maven.apache.org/maven2/org/slf4j/jul-to-slf4j/1.7.11/jul-to-slf4j-1.7.11.pom
2018-08-23 13:26:56,188 [Worker-68] INFO  o.e.m.c.i.e.AbstractTransferListenerAdapter - Downloading https://repo.maven.apache.org/maven2/org/slf4j/log4j-over-slf4j/1.7.11/log4j-over-slf4j-1.7.11.pom
2018-08-23 13:26:56,378 [Worker-68] INFO  o.e.m.c.i.e.AbstractTransferListenerAdapter - Downloaded https://repo.maven.apache.org/maven2/org/slf4j/log4j-over-slf4j/1.7.11/log4j-over-slf4j-1.7.11.pom
2018-08-23 13:26:56,699 [Worker-68] INFO  o.e.m.c.i.e.AbstractTransferListenerAdapter - Downloading https://repo.maven.apache.org/maven2/org/slf4j/slf4j-api/1.7.7/slf4j-api-1.7.7.pom
2018-08-23 13:26:56,887 [Worker-68] INFO  o.e.m.c.i.e.AbstractTransferListenerAdapter - Downloaded https://repo.maven.apache.org/maven2/org/slf4j/slf4j-api/1.7.7/slf4j-api-1.7.7.pom
2018-08-23 13:26:57,914 [Worker-68] INFO  o.e.m.c.i.e.AbstractTransferListenerAdapter - Downloading https://repo.maven.apache.org/maven2/org/slf4j/slf4j-parent/1.7.7/slf4j-parent-1.7.7.pom
2018-08-23 13:26:58,128 [Worker-68] INFO  o.e.m.c.i.e.AbstractTransferListenerAdapter - Downloaded https://repo.maven.apache.org/maven2/org/slf4j/slf4j-parent/1.7.7/slf4j-parent-1.7.7.pom
2018-08-23 13:26:58,324 [Worker-68] INFO  o.e.m.c.i.e.AbstractTransferListenerAdapter - Downloading https://repo.maven.apache.org/maven2/org/springframework/boot/spring-boot-starter-tomcat/1.2.3.RELEASE/spring-boot-starter-tomcat-1.2.3.RELEASE.pom
2018-08-23 13:26:58,513 [Worker-68] INFO  o.e.m.c.i.e.AbstractTransferListenerAdapter - Downloaded https://repo.maven.apache.org/maven2/org/springframework/boot/spring-boot-starter-tomcat/1.2.3.RELEASE/spring-boot-starter-tomcat-1.2.3.RELEASE.pom
2018-08-23 13:26:58,747 [Worker-68] INFO  o.e.m.c.i.e.AbstractTransferListenerAdapter - Downloading https://repo.maven.apache.org/maven2/com/fasterxml/jackson/core/jackson-annotations/2.4.0/jackson-annotations-2.4.0.pom
2018-08-23 13:26:58,937 [Worker-68] INFO  o.e.m.c.i.e.AbstractTransferListenerAdapter - Downloaded https://repo.maven.apache.org/maven2/com/fasterxml/jackson/core/jackson-annotations/2.4.0/jackson-annotations-2.4.0.pom
2018-08-23 13:26:59,362 [Worker-68] INFO  o.e.m.c.i.e.AbstractTransferListenerAdapter - Downloading https://repo.maven.apache.org/maven2/org/springframework/spring-webmvc/4.1.6.RELEASE/spring-webmvc-4.1.6.RELEASE.pom
2018-08-23 13:26:59,581 [Worker-68] INFO  o.e.m.c.i.e.AbstractTransferListenerAdapter - Downloaded https://repo.maven.apache.org/maven2/org/springframework/spring-webmvc/4.1.6.RELEASE/spring-webmvc-4.1.6.RELEASE.pom
2018-08-23 13:26:59,774 [Worker-68] INFO  o.e.m.c.i.e.AbstractTransferListenerAdapter - Downloading https://repo.maven.apache.org/maven2/org/springframework/boot/spring-boot-starter-data-jpa/1.2.3.RELEASE/spring-boot-starter-data-jpa-1.2.3.RELEASE.pom
2018-08-23 13:27:00,058 [Worker-68] INFO  o.e.m.c.i.e.AbstractTransferListenerAdapter - Downloaded https://repo.maven.apache.org/maven2/org/springframework/boot/spring-boot-starter-data-jpa/1.2.3.RELEASE/spring-boot-starter-data-jpa-1.2.3.RELEASE.pom
2018-08-23 13:27:00,385 [Worker-68] INFO  o.e.m.c.i.e.AbstractTransferListenerAdapter - Downloading https://repo.maven.apache.org/maven2/org/springframework/boot/spring-boot-starter-aop/1.2.3.RELEASE/spring-boot-starter-aop-1.2.3.RELEASE.pom
2018-08-23 13:27:00,703 [Worker-68] INFO  o.e.m.c.i.e.AbstractTransferListenerAdapter - Downloaded https://repo.maven.apache.org/maven2/org/springframework/boot/spring-boot-starter-aop/1.2.3.RELEASE/spring-boot-starter-aop-1.2.3.RELEASE.pom
2018-08-23 13:27:01,000 [Worker-68] INFO  o.e.m.c.i.e.AbstractTransferListenerAdapter - Downloading https://repo.maven.apache.org/maven2/org/aspectj/aspectjrt/1.8.5/aspectjrt-1.8.5.pom
2018-08-23 13:27:01,236 [Worker-68] INFO  o.e.m.c.i.e.AbstractTransferListenerAdapter - Downloaded https://repo.maven.apache.org/maven2/org/aspectj/aspectjrt/1.8.5/aspectjrt-1.8.5.pom
2018-08-23 13:27:01,430 [Worker-68] INFO  o.e.m.c.i.e.AbstractTransferListenerAdapter - Downloading https://repo.maven.apache.org/maven2/org/aspectj/aspectjweaver/1.8.5/aspectjweaver-1.8.5.pom
2018-08-23 13:27:01,655 [Worker-68] INFO  o.e.m.c.i.e.AbstractTransferListenerAdapter - Downloaded https://repo.maven.apache.org/maven2/org/aspectj/aspectjweaver/1.8.5/aspectjweaver-1.8.5.pom
2018-08-23 13:27:01,921 [Worker-68] INFO  o.e.m.c.i.e.AbstractTransferListenerAdapter - Downloading https://repo.maven.apache.org/maven2/org/springframework/boot/spring-boot-starter-jdbc/1.2.3.RELEASE/spring-boot-starter-jdbc-1.2.3.RELEASE.pom
2018-08-23 13:27:02,160 [Worker-68] INFO  o.e.m.c.i.e.AbstractTransferListenerAdapter - Downloaded https://repo.maven.apache.org/maven2/org/springframework/boot/spring-boot-starter-jdbc/1.2.3.RELEASE/spring-boot-starter-jdbc-1.2.3.RELEASE.pom
2018-08-23 13:27:02,394 [Worker-68] INFO  o.e.m.c.i.e.AbstractTransferListenerAdapter - Downloading https://repo.maven.apache.org/maven2/org/apache/tomcat/tomcat-jdbc/8.0.20/tomcat-jdbc-8.0.20.pom
2018-08-23 13:27:02,677 [Worker-68] INFO  o.e.m.c.i.e.AbstractTransferListenerAdapter - Downloaded https://repo.maven.apache.org/maven2/org/apache/tomcat/tomcat-jdbc/8.0.20/tomcat-jdbc-8.0.20.pom
2018-08-23 13:27:02,872 [Worker-68] INFO  o.e.m.c.i.e.AbstractTransferListenerAdapter - Downloading https://repo.maven.apache.org/maven2/org/apache/tomcat/tomcat-juli/8.0.20/tomcat-juli-8.0.20.pom
2018-08-23 13:27:03,088 [Worker-68] INFO  o.e.m.c.i.e.AbstractTransferListenerAdapter - Downloaded https://repo.maven.apache.org/maven2/org/apache/tomcat/tomcat-juli/8.0.20/tomcat-juli-8.0.20.pom
2018-08-23 13:27:03,354 [Worker-68] INFO  o.e.m.c.i.e.AbstractTransferListenerAdapter - Downloading https://repo.maven.apache.org/maven2/org/springframework/spring-orm/4.1.6.RELEASE/spring-orm-4.1.6.RELEASE.pom
2018-08-23 13:27:03,564 [Worker-68] INFO  o.e.m.c.i.e.AbstractTransferListenerAdapter - Downloaded https://repo.maven.apache.org/maven2/org/springframework/spring-orm/4.1.6.RELEASE/spring-orm-4.1.6.RELEASE.pom
2018-08-23 13:27:03,757 [Worker-68] INFO  o.e.m.c.i.e.AbstractTransferListenerAdapter - Downloading https://repo.maven.apache.org/maven2/org/springframework/data/spring-data-jpa/1.7.2.RELEASE/spring-data-jpa-1.7.2.RELEASE.pom
2018-08-23 13:27:03,991 [Worker-68] INFO  o.e.m.c.i.e.AbstractTransferListenerAdapter - Downloaded https://repo.maven.apache.org/maven2/org/springframework/data/spring-data-jpa/1.7.2.RELEASE/spring-data-jpa-1.7.2.RELEASE.pom
2018-08-23 13:27:04,234 [Worker-68] INFO  o.e.m.c.i.e.AbstractTransferListenerAdapter - Downloading https://repo.maven.apache.org/maven2/org/springframework/spring-core/4.0.9.RELEASE/spring-core-4.0.9.RELEASE.pom
2018-08-23 13:27:04,463 [Worker-68] INFO  o.e.m.c.i.e.AbstractTransferListenerAdapter - Downloaded https://repo.maven.apache.org/maven2/org/springframework/spring-core/4.0.9.RELEASE/spring-core-4.0.9.RELEASE.pom
2018-08-23 13:27:04,685 [Worker-68] INFO  o.e.m.c.i.e.AbstractTransferListenerAdapter - Downloading https://repo.maven.apache.org/maven2/org/springframework/spring-beans/4.0.9.RELEASE/spring-beans-4.0.9.RELEASE.pom
2018-08-23 13:27:04,945 [Worker-68] INFO  o.e.m.c.i.e.AbstractTransferListenerAdapter - Downloaded https://repo.maven.apache.org/maven2/org/springframework/spring-beans/4.0.9.RELEASE/spring-beans-4.0.9.RELEASE.pom
2018-08-23 13:27:05,210 [Worker-68] INFO  o.e.m.c.i.e.AbstractTransferListenerAdapter - Downloading https://repo.maven.apache.org/maven2/org/springframework/spring-orm/4.0.9.RELEASE/spring-orm-4.0.9.RELEASE.pom
2018-08-23 13:27:05,466 [Worker-68] INFO  o.e.m.c.i.e.AbstractTransferListenerAdapter - Downloaded https://repo.maven.apache.org/maven2/org/springframework/spring-orm/4.0.9.RELEASE/spring-orm-4.0.9.RELEASE.pom
2018-08-23 13:27:05,679 [Worker-68] INFO  o.e.m.c.i.e.AbstractTransferListenerAdapter - Downloading https://repo.maven.apache.org/maven2/org/springframework/spring-jdbc/4.0.9.RELEASE/spring-jdbc-4.0.9.RELEASE.pom
2018-08-23 13:27:06,047 [Worker-68] INFO  o.e.m.c.i.e.AbstractTransferListenerAdapter - Downloaded https://repo.maven.apache.org/maven2/org/springframework/spring-jdbc/4.0.9.RELEASE/spring-jdbc-4.0.9.RELEASE.pom
2018-08-23 13:27:06,325 [Worker-68] INFO  o.e.m.c.i.e.AbstractTransferListenerAdapter - Downloading https://repo.maven.apache.org/maven2/org/springframework/spring-tx/4.0.9.RELEASE/spring-tx-4.0.9.RELEASE.pom
2018-08-23 13:27:06,673 [Worker-68] INFO  o.e.m.c.i.e.AbstractTransferListenerAdapter - Downloaded https://repo.maven.apache.org/maven2/org/springframework/spring-tx/4.0.9.RELEASE/spring-tx-4.0.9.RELEASE.pom
2018-08-23 13:27:06,943 [Worker-68] INFO  o.e.m.c.i.e.AbstractTransferListenerAdapter - Downloading https://repo.maven.apache.org/maven2/org/springframework/spring-context/4.0.9.RELEASE/spring-context-4.0.9.RELEASE.pom
2018-08-23 13:27:07,272 [Worker-68] INFO  o.e.m.c.i.e.AbstractTransferListenerAdapter - Downloaded https://repo.maven.apache.org/maven2/org/springframework/spring-context/4.0.9.RELEASE/spring-context-4.0.9.RELEASE.pom
2018-08-23 13:27:07,464 [Worker-68] INFO  o.e.m.c.i.e.AbstractTransferListenerAdapter - Downloading https://repo.maven.apache.org/maven2/org/springframework/spring-aop/4.0.9.RELEASE/spring-aop-4.0.9.RELEASE.pom
2018-08-23 13:27:07,721 [Worker-68] INFO  o.e.m.c.i.e.AbstractTransferListenerAdapter - Downloaded https://repo.maven.apache.org/maven2/org/springframework/spring-aop/4.0.9.RELEASE/spring-aop-4.0.9.RELEASE.pom
2018-08-23 13:27:07,914 [Worker-68] INFO  o.e.m.c.i.e.AbstractTransferListenerAdapter - Downloading https://repo.maven.apache.org/maven2/org/springframework/spring-expression/4.0.9.RELEASE/spring-expression-4.0.9.RELEASE.pom
2018-08-23 13:27:08,140 [Worker-68] INFO  o.e.m.c.i.e.AbstractTransferListenerAdapter - Downloaded https://repo.maven.apache.org/maven2/org/springframework/spring-expression/4.0.9.RELEASE/spring-expression-4.0.9.RELEASE.pom
2018-08-23 13:27:08,333 [Worker-68] INFO  o.e.m.c.i.e.AbstractTransferListenerAdapter - Downloading https://repo.maven.apache.org/maven2/org/aspectj/aspectjrt/1.8.4/aspectjrt-1.8.4.pom
2018-08-23 13:27:08,653 [Worker-68] INFO  o.e.m.c.i.e.AbstractTransferListenerAdapter - Downloaded https://repo.maven.apache.org/maven2/org/aspectj/aspectjrt/1.8.4/aspectjrt-1.8.4.pom
2018-08-23 13:27:08,885 [Worker-68] INFO  o.e.m.c.i.e.AbstractTransferListenerAdapter - Downloading https://repo.maven.apache.org/maven2/org/springframework/spring-aspects/4.1.6.RELEASE/spring-aspects-4.1.6.RELEASE.pom
2018-08-23 13:27:09,225 [Worker-68] INFO  o.e.m.c.i.e.AbstractTransferListenerAdapter - Downloaded https://repo.maven.apache.org/maven2/org/springframework/spring-aspects/4.1.6.RELEASE/spring-aspects-4.1.6.RELEASE.pom
2018-08-23 13:27:09,491 [Worker-68] INFO  o.e.m.c.i.e.AbstractTransferListenerAdapter - Downloading https://repo.maven.apache.org/maven2/org/slf4j/slf4j-api/1.7.20/slf4j-api-1.7.20.pom
2018-08-23 13:27:09,718 [Worker-68] INFO  o.e.m.c.i.e.AbstractTransferListenerAdapter - Downloaded https://repo.maven.apache.org/maven2/org/slf4j/slf4j-api/1.7.20/slf4j-api-1.7.20.pom
2018-08-23 13:27:09,908 [Worker-68] INFO  o.e.m.c.i.e.AbstractTransferListenerAdapter - Downloading https://repo.maven.apache.org/maven2/org/slf4j/slf4j-parent/1.7.20/slf4j-parent-1.7.20.pom
2018-08-23 13:27:10,110 [Worker-68] INFO  o.e.m.c.i.e.AbstractTransferListenerAdapter - Downloaded https://repo.maven.apache.org/maven2/org/slf4j/slf4j-parent/1.7.20/slf4j-parent-1.7.20.pom
2018-08-23 13:27:10,455 [Worker-68] INFO  o.e.m.c.i.e.AbstractTransferListenerAdapter - Downloading https://repo.maven.apache.org/maven2/org/springframework/boot/spring-boot-starter-web/1.2.3.RELEASE/spring-boot-starter-web-1.2.3.RELEASE.jar
2018-08-23 13:27:10,835 [Worker-68] INFO  o.e.m.c.i.e.AbstractTransferListenerAdapter - Downloaded https://repo.maven.apache.org/maven2/org/springframework/boot/spring-boot-starter-web/1.2.3.RELEASE/spring-boot-starter-web-1.2.3.RELEASE.jar
2018-08-23 13:27:11,025 [Worker-68] INFO  o.e.m.c.i.e.AbstractTransferListenerAdapter - Downloading https://repo.maven.apache.org/maven2/org/springframework/boot/spring-boot-starter/1.2.3.RELEASE/spring-boot-starter-1.2.3.RELEASE.jar
2018-08-23 13:27:11,223 [Worker-68] INFO  o.e.m.c.i.e.AbstractTransferListenerAdapter - Downloaded https://repo.maven.apache.org/maven2/org/springframework/boot/spring-boot-starter/1.2.3.RELEASE/spring-boot-starter-1.2.3.RELEASE.jar
2018-08-23 13:27:11,411 [Worker-68] INFO  o.e.m.c.i.e.AbstractTransferListenerAdapter - Downloading https://repo.maven.apache.org/maven2/org/springframework/boot/spring-boot/1.2.3.RELEASE/spring-boot-1.2.3.RELEASE.jar
2018-08-23 13:27:12,762 [Worker-68] INFO  o.e.m.c.i.e.AbstractTransferListenerAdapter - Downloaded https://repo.maven.apache.org/maven2/org/springframework/boot/spring-boot/1.2.3.RELEASE/spring-boot-1.2.3.RELEASE.jar
2018-08-23 13:27:12,975 [Worker-68] INFO  o.e.m.c.i.e.AbstractTransferListenerAdapter - Downloading https://repo.maven.apache.org/maven2/org/springframework/boot/spring-boot-autoconfigure/1.2.3.RELEASE/spring-boot-autoconfigure-1.2.3.RELEASE.jar
2018-08-23 13:27:14,140 [Worker-68] INFO  o.e.m.c.i.e.AbstractTransferListenerAdapter - Downloaded https://repo.maven.apache.org/maven2/org/springframework/boot/spring-boot-autoconfigure/1.2.3.RELEASE/spring-boot-autoconfigure-1.2.3.RELEASE.jar
2018-08-23 13:27:14,329 [Worker-68] INFO  o.e.m.c.i.e.AbstractTransferListenerAdapter - Downloading https://repo.maven.apache.org/maven2/org/springframework/boot/spring-boot-starter-logging/1.2.3.RELEASE/spring-boot-starter-logging-1.2.3.RELEASE.jar
2018-08-23 13:27:14,524 [Worker-68] INFO  o.e.m.c.i.e.AbstractTransferListenerAdapter - Downloaded https://repo.maven.apache.org/maven2/org/springframework/boot/spring-boot-starter-logging/1.2.3.RELEASE/spring-boot-starter-logging-1.2.3.RELEASE.jar
2018-08-23 13:27:14,712 [Worker-68] INFO  o.e.m.c.i.e.AbstractTransferListenerAdapter - Downloading https://repo.maven.apache.org/maven2/org/slf4j/jul-to-slf4j/1.7.11/jul-to-slf4j-1.7.11.jar
2018-08-23 13:27:14,937 [Worker-68] INFO  o.e.m.c.i.e.AbstractTransferListenerAdapter - Downloaded https://repo.maven.apache.org/maven2/org/slf4j/jul-to-slf4j/1.7.11/jul-to-slf4j-1.7.11.jar
2018-08-23 13:27:15,775 [Worker-68] INFO  o.e.m.c.i.e.AbstractTransferListenerAdapter - Downloading https://repo.maven.apache.org/maven2/org/slf4j/log4j-over-slf4j/1.7.11/log4j-over-slf4j-1.7.11.jar
2018-08-23 13:27:18,628 [Worker-68] INFO  o.e.m.c.i.e.AbstractTransferListenerAdapter - Downloaded https://repo.maven.apache.org/maven2/org/slf4j/log4j-over-slf4j/1.7.11/log4j-over-slf4j-1.7.11.jar
2018-08-23 13:27:18,999 [Worker-68] INFO  o.e.m.c.i.e.AbstractTransferListenerAdapter - Downloading https://repo.maven.apache.org/maven2/org/springframework/boot/spring-boot-starter-tomcat/1.2.3.RELEASE/spring-boot-starter-tomcat-1.2.3.RELEASE.jar
2018-08-23 13:27:19,198 [Worker-68] INFO  o.e.m.c.i.e.AbstractTransferListenerAdapter - Downloaded https://repo.maven.apache.org/maven2/org/springframework/boot/spring-boot-starter-tomcat/1.2.3.RELEASE/spring-boot-starter-tomcat-1.2.3.RELEASE.jar
2018-08-23 13:27:19,575 [Worker-68] INFO  o.e.m.c.i.e.AbstractTransferListenerAdapter - Downloading https://repo.maven.apache.org/maven2/com/fasterxml/jackson/core/jackson-annotations/2.4.0/jackson-annotations-2.4.0.jar
2018-08-23 13:27:20,862 [Worker-68] INFO  o.e.m.c.i.e.AbstractTransferListenerAdapter - Downloaded https://repo.maven.apache.org/maven2/com/fasterxml/jackson/core/jackson-annotations/2.4.0/jackson-annotations-2.4.0.jar
2018-08-23 13:27:21,051 [Worker-68] INFO  o.e.m.c.i.e.AbstractTransferListenerAdapter - Downloading https://repo.maven.apache.org/maven2/org/springframework/spring-core/4.1.6.RELEASE/spring-core-4.1.6.RELEASE.jar
2018-08-23 13:27:26,186 [Worker-68] INFO  o.e.m.c.i.e.AbstractTransferListenerAdapter - Downloaded https://repo.maven.apache.org/maven2/org/springframework/spring-core/4.1.6.RELEASE/spring-core-4.1.6.RELEASE.jar
2018-08-23 13:27:26,383 [Worker-68] INFO  o.e.m.c.i.e.AbstractTransferListenerAdapter - Downloading https://repo.maven.apache.org/maven2/org/springframework/spring-web/4.1.6.RELEASE/spring-web-4.1.6.RELEASE.jar
2018-08-23 13:27:27,401 [Worker-68] INFO  o.e.m.c.i.e.AbstractTransferListenerAdapter - Downloaded https://repo.maven.apache.org/maven2/org/springframework/spring-web/4.1.6.RELEASE/spring-web-4.1.6.RELEASE.jar
2018-08-23 13:27:27,599 [Worker-68] INFO  o.e.m.c.i.e.AbstractTransferListenerAdapter - Downloading https://repo.maven.apache.org/maven2/org/springframework/spring-aop/4.1.6.RELEASE/spring-aop-4.1.6.RELEASE.jar
2018-08-23 13:27:28,077 [Worker-68] INFO  o.e.m.c.i.e.AbstractTransferListenerAdapter - Downloaded https://repo.maven.apache.org/maven2/org/springframework/spring-aop/4.1.6.RELEASE/spring-aop-4.1.6.RELEASE.jar
2018-08-23 13:27:28,273 [Worker-68] INFO  o.e.m.c.i.e.AbstractTransferListenerAdapter - Downloading https://repo.maven.apache.org/maven2/org/springframework/spring-beans/4.1.6.RELEASE/spring-beans-4.1.6.RELEASE.jar
2018-08-23 13:27:29,206 [Worker-68] INFO  o.e.m.c.i.e.AbstractTransferListenerAdapter - Downloaded https://repo.maven.apache.org/maven2/org/springframework/spring-beans/4.1.6.RELEASE/spring-beans-4.1.6.RELEASE.jar
2018-08-23 13:27:29,414 [Worker-68] INFO  o.e.m.c.i.e.AbstractTransferListenerAdapter - Downloading https://repo.maven.apache.org/maven2/org/springframework/spring-context/4.1.6.RELEASE/spring-context-4.1.6.RELEASE.jar
2018-08-23 13:27:30,343 [Worker-68] INFO  o.e.m.c.i.e.AbstractTransferListenerAdapter - Downloaded https://repo.maven.apache.org/maven2/org/springframework/spring-context/4.1.6.RELEASE/spring-context-4.1.6.RELEASE.jar
2018-08-23 13:27:30,533 [Worker-68] INFO  o.e.m.c.i.e.AbstractTransferListenerAdapter - Downloading https://repo.maven.apache.org/maven2/org/springframework/spring-webmvc/4.1.6.RELEASE/spring-webmvc-4.1.6.RELEASE.jar
2018-08-23 13:27:31,324 [Worker-68] INFO  o.e.m.c.i.e.AbstractTransferListenerAdapter - Downloaded https://repo.maven.apache.org/maven2/org/springframework/spring-webmvc/4.1.6.RELEASE/spring-webmvc-4.1.6.RELEASE.jar
2018-08-23 13:27:31,524 [Worker-68] INFO  o.e.m.c.i.e.AbstractTransferListenerAdapter - Downloading https://repo.maven.apache.org/maven2/org/springframework/spring-expression/4.1.6.RELEASE/spring-expression-4.1.6.RELEASE.jar
2018-08-23 13:27:31,874 [Worker-68] INFO  o.e.m.c.i.e.AbstractTransferListenerAdapter - Downloaded https://repo.maven.apache.org/maven2/org/springframework/spring-expression/4.1.6.RELEASE/spring-expression-4.1.6.RELEASE.jar
2018-08-23 13:27:32,076 [Worker-68] INFO  o.e.m.c.i.e.AbstractTransferListenerAdapter - Downloading https://repo.maven.apache.org/maven2/org/springframework/boot/spring-boot-starter-data-jpa/1.2.3.RELEASE/spring-boot-starter-data-jpa-1.2.3.RELEASE.jar
2018-08-23 13:27:32,296 [Worker-68] INFO  o.e.m.c.i.e.AbstractTransferListenerAdapter - Downloaded https://repo.maven.apache.org/maven2/org/springframework/boot/spring-boot-starter-data-jpa/1.2.3.RELEASE/spring-boot-starter-data-jpa-1.2.3.RELEASE.jar
2018-08-23 13:27:32,517 [Worker-68] INFO  o.e.m.c.i.e.AbstractTransferListenerAdapter - Downloading https://repo.maven.apache.org/maven2/org/springframework/boot/spring-boot-starter-aop/1.2.3.RELEASE/spring-boot-starter-aop-1.2.3.RELEASE.jar
2018-08-23 13:27:32,752 [Worker-68] INFO  o.e.m.c.i.e.AbstractTransferListenerAdapter - Downloaded https://repo.maven.apache.org/maven2/org/springframework/boot/spring-boot-starter-aop/1.2.3.RELEASE/spring-boot-starter-aop-1.2.3.RELEASE.jar
2018-08-23 13:27:32,978 [Worker-68] INFO  o.e.m.c.i.e.AbstractTransferListenerAdapter - Downloading https://repo.maven.apache.org/maven2/org/aspectj/aspectjrt/1.8.5/aspectjrt-1.8.5.jar
2018-08-23 13:27:33,282 [Worker-68] INFO  o.e.m.c.i.e.AbstractTransferListenerAdapter - Downloaded https://repo.maven.apache.org/maven2/org/aspectj/aspectjrt/1.8.5/aspectjrt-1.8.5.jar
2018-08-23 13:27:33,488 [Worker-68] INFO  o.e.m.c.i.e.AbstractTransferListenerAdapter - Downloading https://repo.maven.apache.org/maven2/org/aspectj/aspectjweaver/1.8.5/aspectjweaver-1.8.5.jar
2018-08-23 13:27:34,807 [Worker-68] INFO  o.e.m.c.i.e.AbstractTransferListenerAdapter - Downloaded https://repo.maven.apache.org/maven2/org/aspectj/aspectjweaver/1.8.5/aspectjweaver-1.8.5.jar
2018-08-23 13:27:35,005 [Worker-68] INFO  o.e.m.c.i.e.AbstractTransferListenerAdapter - Downloading https://repo.maven.apache.org/maven2/org/springframework/boot/spring-boot-starter-jdbc/1.2.3.RELEASE/spring-boot-starter-jdbc-1.2.3.RELEASE.jar
2018-08-23 13:27:35,215 [Worker-68] INFO  o.e.m.c.i.e.AbstractTransferListenerAdapter - Downloaded https://repo.maven.apache.org/maven2/org/springframework/boot/spring-boot-starter-jdbc/1.2.3.RELEASE/spring-boot-starter-jdbc-1.2.3.RELEASE.jar
2018-08-23 13:27:35,430 [Worker-68] INFO  o.e.m.c.i.e.AbstractTransferListenerAdapter - Downloading https://repo.maven.apache.org/maven2/org/springframework/spring-jdbc/4.1.6.RELEASE/spring-jdbc-4.1.6.RELEASE.jar
2018-08-23 13:27:35,934 [Worker-68] INFO  o.e.m.c.i.e.AbstractTransferListenerAdapter - Downloaded https://repo.maven.apache.org/maven2/org/springframework/spring-jdbc/4.1.6.RELEASE/spring-jdbc-4.1.6.RELEASE.jar
2018-08-23 13:27:36,134 [Worker-68] INFO  o.e.m.c.i.e.AbstractTransferListenerAdapter - Downloading https://repo.maven.apache.org/maven2/org/apache/tomcat/tomcat-jdbc/8.0.20/tomcat-jdbc-8.0.20.jar
2018-08-23 13:27:36,438 [Worker-68] INFO  o.e.m.c.i.e.AbstractTransferListenerAdapter - Downloaded https://repo.maven.apache.org/maven2/org/apache/tomcat/tomcat-jdbc/8.0.20/tomcat-jdbc-8.0.20.jar
2018-08-23 13:27:36,741 [Worker-68] INFO  o.e.m.c.i.e.AbstractTransferListenerAdapter - Downloading https://repo.maven.apache.org/maven2/org/apache/tomcat/tomcat-juli/8.0.20/tomcat-juli-8.0.20.jar
2018-08-23 13:27:37,039 [Worker-68] INFO  o.e.m.c.i.e.AbstractTransferListenerAdapter - Downloaded https://repo.maven.apache.org/maven2/org/apache/tomcat/tomcat-juli/8.0.20/tomcat-juli-8.0.20.jar
2018-08-23 13:27:37,338 [Worker-68] INFO  o.e.m.c.i.e.AbstractTransferListenerAdapter - Downloading https://repo.maven.apache.org/maven2/org/springframework/spring-tx/4.1.6.RELEASE/spring-tx-4.1.6.RELEASE.jar
2018-08-23 13:27:39,503 [Worker-68] INFO  o.e.m.c.i.e.AbstractTransferListenerAdapter - Downloaded https://repo.maven.apache.org/maven2/org/springframework/spring-tx/4.1.6.RELEASE/spring-tx-4.1.6.RELEASE.jar
2018-08-23 13:27:39,699 [Worker-68] INFO  o.e.m.c.i.e.AbstractTransferListenerAdapter - Downloading https://repo.maven.apache.org/maven2/org/springframework/spring-orm/4.1.6.RELEASE/spring-orm-4.1.6.RELEASE.jar
2018-08-23 13:27:40,333 [Worker-68] INFO  o.e.m.c.i.e.AbstractTransferListenerAdapter - Downloaded https://repo.maven.apache.org/maven2/org/springframework/spring-orm/4.1.6.RELEASE/spring-orm-4.1.6.RELEASE.jar
2018-08-23 13:27:40,631 [Worker-68] INFO  o.e.m.c.i.e.AbstractTransferListenerAdapter - Downloading https://repo.maven.apache.org/maven2/org/springframework/data/spring-data-jpa/1.7.2.RELEASE/spring-data-jpa-1.7.2.RELEASE.jar
2018-08-23 13:27:41,336 [Worker-68] INFO  o.e.m.c.i.e.AbstractTransferListenerAdapter - Downloaded https://repo.maven.apache.org/maven2/org/springframework/data/spring-data-jpa/1.7.2.RELEASE/spring-data-jpa-1.7.2.RELEASE.jar
2018-08-23 13:27:41,573 [Worker-68] INFO  o.e.m.c.i.e.AbstractTransferListenerAdapter - Downloading https://repo.maven.apache.org/maven2/org/springframework/spring-aspects/4.1.6.RELEASE/spring-aspects-4.1.6.RELEASE.jar
2018-08-23 13:27:41,929 [Worker-68] INFO  o.e.m.c.i.e.AbstractTransferListenerAdapter - Downloaded https://repo.maven.apache.org/maven2/org/springframework/spring-aspects/4.1.6.RELEASE/spring-aspects-4.1.6.RELEASE.jar
2018-08-23 13:27:42,163 [Worker-68] INFO  o.e.m.c.i.e.AbstractTransferListenerAdapter - Downloading https://repo.maven.apache.org/maven2/org/slf4j/slf4j-api/1.7.20/slf4j-api-1.7.20.jar
2018-08-23 13:27:42,403 [Worker-68] INFO  o.e.m.c.i.e.AbstractTransferListenerAdapter - Downloaded https://repo.maven.apache.org/maven2/org/slf4j/slf4j-api/1.7.20/slf4j-api-1.7.20.jar
2018-08-23 13:27:47,709 [Worker-68] WARN  o.e.m.c.i.embedder.EclipseLogger - Using platform encoding (UTF-8 actually) to copy filtered resources, i.e. build is platform dependent!
2018-08-23 13:27:47,720 [Worker-68] INFO  o.e.m.c.i.embedder.EclipseLogger - Copying 0 resource
2018-08-23 13:27:47,735 [Worker-68] WARN  o.e.m.c.i.embedder.EclipseLogger - Using platform encoding (UTF-8 actually) to copy filtered resources, i.e. build is platform dependent!
2018-08-23 13:27:47,737 [Worker-68] INFO  o.e.m.c.i.embedder.EclipseLogger - Copying 0 resource
2018-08-23 13:27:47,739 [Worker-68] INFO  o.e.m.w.i.f.ResourceFilteringBuildParticipant - Changed resources require a complete clean of filtered resources of promocoes
2018-08-23 13:27:47,742 [Worker-68] INFO  o.e.m.w.i.f.ResourceFilteringBuildParticipant - Executing resource filtering for promocoes
2018-08-23 13:27:47,758 [Worker-68] WARN  o.e.m.c.i.embedder.EclipseLogger - Using platform encoding (UTF-8 actually) to copy filtered resources, i.e. build is platform dependent!
2018-08-23 13:29:33,770 [Worker-69] INFO  o.e.m.c.i.p.ProjectConfigurationManager - Update started
2018-08-23 13:29:35,372 [Worker-69] INFO  o.e.m.c.i.l.LifecycleMappingFactory - Using org.maven.ide.eclipse.wtp.WarLifecycleMapping lifecycle mapping for MavenProject: br.com.javamagazine:promocoes:1.0.0-SNAPSHOT @ /Users/guimaraes/Google Drive/Devmedia/SPRING/artigo/IntrAqMSSpringBoot/codigo/promocoes/pom.xml.
2018-08-23 13:29:40,041 [Worker-69] INFO  o.e.m.j.i.AbstractJavaProjectConfigurator - Adding source folder /promocoes/src/main/java
2018-08-23 13:29:40,045 [Worker-69] INFO  o.e.m.j.i.AbstractJavaProjectConfigurator - Adding resource folder /promocoes/src/main/resources
2018-08-23 13:29:40,090 [Worker-69] INFO  o.e.m.j.i.AbstractJavaProjectConfigurator - Adding source folder /promocoes/src/test/java
2018-08-23 13:29:40,091 [Worker-69] INFO  o.e.m.j.i.AbstractJavaProjectConfigurator - Adding resource folder /promocoes/src/test/resources
2018-08-23 13:29:40,337 [Worker-69] ERROR o.e.m2e.wtp.WTPProjectConfigurator - Unable to configure promocoes
org.eclipse.m2e.wtp.MarkedException: Unable to configure promocoes
	at org.eclipse.m2e.wtp.AbstractProjectConfiguratorDelegate.configureProject(AbstractProjectConfiguratorDelegate.java:99) ~[na:na]
	at org.eclipse.m2e.wtp.WTPProjectConfigurator.configure(WTPProjectConfigurator.java:68) ~[na:na]
	at org.eclipse.m2e.core.project.configurator.AbstractLifecycleMapping.configure(AbstractLifecycleMapping.java:120) [org.eclipse.m2e.core_1.8.2.20171007-0217.jar:na]
	at org.eclipse.m2e.core.internal.project.ProjectConfigurationManager$3.call(ProjectConfigurationManager.java:508) [org.eclipse.m2e.core_1.8.2.20171007-0217.jar:na]
	at org.eclipse.m2e.core.internal.project.ProjectConfigurationManager$3.call(ProjectConfigurationManager.java:1) [org.eclipse.m2e.core_1.8.2.20171007-0217.jar:na]
	at org.eclipse.m2e.core.internal.embedder.MavenExecutionContext.executeBare(MavenExecutionContext.java:177) [org.eclipse.m2e.core_1.8.2.20171007-0217.jar:na]
	at org.eclipse.m2e.core.internal.embedder.MavenExecutionContext.execute(MavenExecutionContext.java:151) [org.eclipse.m2e.core_1.8.2.20171007-0217.jar:na]
	at org.eclipse.m2e.core.internal.project.ProjectConfigurationManager.updateProjectConfiguration(ProjectConfigurationManager.java:501) [org.eclipse.m2e.core_1.8.2.20171007-0217.jar:na]
	at org.eclipse.m2e.core.internal.project.ProjectConfigurationManager.updateProjectConfiguration0(ProjectConfigurationManager.java:439) [org.eclipse.m2e.core_1.8.2.20171007-0217.jar:na]
	at org.eclipse.m2e.core.internal.project.ProjectConfigurationManager$2.call(ProjectConfigurationManager.java:352) [org.eclipse.m2e.core_1.8.2.20171007-0217.jar:na]
	at org.eclipse.m2e.core.internal.project.ProjectConfigurationManager$2.call(ProjectConfigurationManager.java:1) [org.eclipse.m2e.core_1.8.2.20171007-0217.jar:na]
	at org.eclipse.m2e.core.internal.embedder.MavenExecutionContext.executeBare(MavenExecutionContext.java:177) [org.eclipse.m2e.core_1.8.2.20171007-0217.jar:na]
	at org.eclipse.m2e.core.internal.embedder.MavenExecutionContext.execute(MavenExecutionContext.java:151) [org.eclipse.m2e.core_1.8.2.20171007-0217.jar:na]
	at org.eclipse.m2e.core.internal.embedder.MavenExecutionContext.execute(MavenExecutionContext.java:99) [org.eclipse.m2e.core_1.8.2.20171007-0217.jar:na]
	at org.eclipse.m2e.core.internal.embedder.MavenImpl.execute(MavenImpl.java:1351) [org.eclipse.m2e.core_1.8.2.20171007-0217.jar:na]
	at org.eclipse.m2e.core.internal.project.ProjectConfigurationManager.updateProjectConfiguration(ProjectConfigurationManager.java:349) [org.eclipse.m2e.core_1.8.2.20171007-0217.jar:na]
	at org.eclipse.m2e.core.ui.internal.UpdateMavenProjectJob.runInWorkspace(UpdateMavenProjectJob.java:77) [org.eclipse.m2e.core.ui_1.8.2.20171007-0217.jar:na]
	at org.eclipse.core.internal.resources.InternalWorkspaceJob.run(InternalWorkspaceJob.java:39) [org.eclipse.core.resources_3.12.0.v20170417-1558.jar:na]
	at org.eclipse.core.internal.jobs.Worker.run(Worker.java:56) [org.eclipse.core.jobs_3.9.2.v20171030-1027.jar:na]
Caused by: org.eclipse.core.runtime.CoreException: One or more constraints have not been satisfied.
	at org.eclipse.wst.common.project.facet.core.internal.FacetedProject.modifyInternal(FacetedProject.java:363) ~[na:na]
	at org.eclipse.wst.common.project.facet.core.internal.FacetedProject.mergeChangesInternal(FacetedProject.java:1181) ~[na:na]
	at org.eclipse.wst.common.project.facet.core.internal.FacetedProject.access$2(FacetedProject.java:1117) ~[na:na]
	at org.eclipse.wst.common.project.facet.core.internal.FacetedProject$1.run(FacetedProject.java:324) ~[na:na]
	at org.eclipse.core.internal.resources.Workspace.run(Workspace.java:2240) ~[org.eclipse.core.resources_3.12.0.v20170417-1558.jar:na]
	at org.eclipse.core.internal.resources.Workspace.run(Workspace.java:2267) ~[org.eclipse.core.resources_3.12.0.v20170417-1558.jar:na]
	at org.eclipse.wst.common.project.facet.core.internal.FacetedProject.modify(FacetedProject.java:339) ~[na:na]
	at org.eclipse.m2e.wtp.WebProjectConfiguratorDelegate.configure(WebProjectConfiguratorDelegate.java:136) ~[na:na]
	at org.eclipse.m2e.wtp.AbstractProjectConfiguratorDelegate.configureProject(AbstractProjectConfiguratorDelegate.java:95) ~[na:na]
	... 18 common frames omitted
2018-08-23 13:29:48,726 [Worker-69] WARN  o.e.m.c.i.embedder.EclipseLogger - Using platform encoding (UTF-8 actually) to copy filtered resources, i.e. build is platform dependent!
2018-08-23 13:29:48,855 [Worker-69] INFO  o.e.m.c.i.embedder.EclipseLogger - Copying 0 resource
2018-08-23 13:29:48,862 [Worker-69] WARN  o.e.m.c.i.embedder.EclipseLogger - Using platform encoding (UTF-8 actually) to copy filtered resources, i.e. build is platform dependent!
2018-08-23 13:29:48,864 [Worker-69] INFO  o.e.m.c.i.embedder.EclipseLogger - Copying 0 resource
2018-08-23 13:29:48,865 [Worker-69] INFO  o.e.m.w.i.f.ResourceFilteringBuildParticipant - Changed resources require a complete clean of filtered resources of promocoes
2018-08-23 13:29:48,865 [Worker-69] INFO  o.e.m.w.i.f.ResourceFilteringBuildParticipant - Executing resource filtering for promocoes
2018-08-23 13:29:48,875 [Worker-69] WARN  o.e.m.c.i.embedder.EclipseLogger - Using platform encoding (UTF-8 actually) to copy filtered resources, i.e. build is platform dependent!
2018-08-23 13:29:50,206 [Worker-69] INFO  o.e.m.w.i.f.ResourceFilteringBuildParticipant - Cleaning filtered folder for promocoes
2018-08-23 13:29:50,231 [Worker-69] INFO  o.e.m.c.i.p.ProjectConfigurationManager - Update completed: 16 sec
2018-08-23 13:45:42,793 [main] INFO  o.e.m2e.actions.ExecutePomAction - Creating new launch configuration
2018-08-23 13:45:54,324 [Worker-79] INFO  o.e.m.i.launch.MavenLaunchDelegate - /Users/guimaraes/Google Drive/Devmedia/SPRING/artigo/IntrAqMSSpringBoot/codigo/promocoes
2018-08-23 13:45:54,335 [Worker-79] INFO  o.e.m.i.launch.MavenLaunchDelegate -  mvn -B clean package
2018-08-23 13:49:40,988 [Worker-81] INFO  o.e.m.i.launch.MavenLaunchDelegate - /Users/guimaraes/Google Drive/Devmedia/SPRING/artigo/IntrAqMSSpringBoot/codigo/promocoes
2018-08-23 13:49:40,991 [Worker-81] INFO  o.e.m.i.launch.MavenLaunchDelegate -  mvn -B install
2018-08-23 13:50:41,693 [Worker-72] INFO  o.e.m.i.launch.MavenLaunchDelegate - /Users/guimaraes/Google Drive/Devmedia/SPRING/artigo/IntrAqMSSpringBoot/codigo/promocoes
2018-08-23 13:50:41,696 [Worker-72] INFO  o.e.m.i.launch.MavenLaunchDelegate -  mvn -B clean
2018-08-23 13:53:09,718 [main] INFO  o.e.m2e.actions.ExecutePomAction - Using existing launch configuration
2018-08-23 13:53:09,987 [Worker-81] INFO  o.e.m.i.launch.MavenLaunchDelegate - /Users/guimaraes/Google Drive/Devmedia/SPRING/artigo/IntrAqMSSpringBoot/codigo/promocoes
2018-08-23 13:53:09,988 [Worker-81] INFO  o.e.m.i.launch.MavenLaunchDelegate -  mvn -B clean package
2018-08-23 13:54:00,124 [Worker-81] INFO  o.e.m.i.launch.MavenLaunchDelegate - /Users/guimaraes/Google Drive/Devmedia/SPRING/artigo/IntrAqMSSpringBoot/codigo/promocoes
2018-08-23 13:54:00,127 [Worker-81] INFO  o.e.m.i.launch.MavenLaunchDelegate -  mvn -B install
2018-08-23 13:54:51,163 [Worker-86] INFO  o.e.m.i.launch.MavenLaunchDelegate - /Users/guimaraes/Google Drive/Devmedia/SPRING/artigo/IntrAqMSSpringBoot/codigo/promocoes
2018-08-23 13:54:51,169 [Worker-86] INFO  o.e.m.i.launch.MavenLaunchDelegate -  mvn -B install
2018-08-23 14:01:49,940 [main] INFO  o.e.m2e.actions.ExecutePomAction - Using existing launch configuration
2018-08-23 14:01:50,321 [Worker-83] INFO  o.e.m.i.launch.MavenLaunchDelegate - /Users/guimaraes/Google Drive/Devmedia/SPRING/artigo/IntrAqMSSpringBoot/codigo/promocoes
2018-08-23 14:01:50,322 [Worker-83] INFO  o.e.m.i.launch.MavenLaunchDelegate -  mvn -B clean package
2018-08-23 14:15:53,493 [main] INFO  o.e.m2e.actions.ExecutePomAction - Creating new launch configuration
2018-08-23 14:16:07,729 [Worker-99] INFO  o.e.m.i.launch.MavenLaunchDelegate - /Users/guimaraes/Google Drive/Devmedia/SPRING/artigo/IntrAqMSSpringBoot/codigo/promocoes
2018-08-23 14:16:07,731 [Worker-99] INFO  o.e.m.i.launch.MavenLaunchDelegate -  mvn -B tomcat7:run-war
2018-08-23 14:18:50,932 [Worker-100] INFO  o.e.m.i.launch.MavenLaunchDelegate - /Users/guimaraes/Google Drive/Devmedia/SPRING/artigo/IntrAqMSSpringBoot/codigo/promocoes
2018-08-23 14:18:50,942 [Worker-100] INFO  o.e.m.i.launch.MavenLaunchDelegate -  mvn -B tomcat8:run-war
2018-08-23 14:21:27,588 [Worker-99] INFO  o.e.m.i.launch.MavenLaunchDelegate - /Users/guimaraes/Google Drive/Devmedia/SPRING/artigo/IntrAqMSSpringBoot/codigo/promocoes
2018-08-23 14:21:27,591 [Worker-99] INFO  o.e.m.i.launch.MavenLaunchDelegate -  mvn -B -Dmaven.test.skip=true -DskipTests tomcat7:run-war
2018-08-24 23:03:11,719 [Worker-7] INFO  c.g.t.t.d.PublishedGradleVersions - Gradle version information cache is out-of-date. Trying to update.
2018-08-24 23:07:56,218 [Worker-41] INFO  o.e.m.c.i.p.ProjectConfigurationManager - Update started
2018-08-24 23:07:58,069 [Worker-41] INFO  o.e.m.c.i.l.LifecycleMappingFactory - Using org.maven.ide.eclipse.wtp.WarLifecycleMapping lifecycle mapping for MavenProject: br.com.javamagazine:promocoes:1.0.0-SNAPSHOT @ /Users/guimaraes/Google Drive/Devmedia/SPRING/artigo/IntrAqMSSpringBoot/codigo/promocoes/pom.xml.
2018-08-24 23:08:01,233 [Worker-41] INFO  o.e.m.j.i.AbstractJavaProjectConfigurator - Adding source folder /promocoes/src/main/java
2018-08-24 23:08:01,234 [Worker-41] INFO  o.e.m.j.i.AbstractJavaProjectConfigurator - Adding resource folder /promocoes/src/main/resources
2018-08-24 23:08:01,235 [Worker-41] INFO  o.e.m.j.i.AbstractJavaProjectConfigurator - Adding source folder /promocoes/src/test/java
2018-08-24 23:08:01,236 [Worker-41] INFO  o.e.m.j.i.AbstractJavaProjectConfigurator - Adding resource folder /promocoes/src/test/resources
2018-08-24 23:08:01,840 [Worker-41] ERROR o.e.m2e.wtp.WTPProjectConfigurator - Unable to configure promocoes
org.eclipse.m2e.wtp.MarkedException: Unable to configure promocoes
	at org.eclipse.m2e.wtp.AbstractProjectConfiguratorDelegate.configureProject(AbstractProjectConfiguratorDelegate.java:99) ~[na:na]
	at org.eclipse.m2e.wtp.WTPProjectConfigurator.configure(WTPProjectConfigurator.java:68) ~[na:na]
	at org.eclipse.m2e.core.project.configurator.AbstractLifecycleMapping.configure(AbstractLifecycleMapping.java:120) [org.eclipse.m2e.core_1.8.2.20171007-0217.jar:na]
	at org.eclipse.m2e.core.internal.project.ProjectConfigurationManager$3.call(ProjectConfigurationManager.java:508) [org.eclipse.m2e.core_1.8.2.20171007-0217.jar:na]
	at org.eclipse.m2e.core.internal.project.ProjectConfigurationManager$3.call(ProjectConfigurationManager.java:1) [org.eclipse.m2e.core_1.8.2.20171007-0217.jar:na]
	at org.eclipse.m2e.core.internal.embedder.MavenExecutionContext.executeBare(MavenExecutionContext.java:177) [org.eclipse.m2e.core_1.8.2.20171007-0217.jar:na]
	at org.eclipse.m2e.core.internal.embedder.MavenExecutionContext.execute(MavenExecutionContext.java:151) [org.eclipse.m2e.core_1.8.2.20171007-0217.jar:na]
	at org.eclipse.m2e.core.internal.project.ProjectConfigurationManager.updateProjectConfiguration(ProjectConfigurationManager.java:501) [org.eclipse.m2e.core_1.8.2.20171007-0217.jar:na]
	at org.eclipse.m2e.core.internal.project.ProjectConfigurationManager.updateProjectConfiguration0(ProjectConfigurationManager.java:439) [org.eclipse.m2e.core_1.8.2.20171007-0217.jar:na]
	at org.eclipse.m2e.core.internal.project.ProjectConfigurationManager$2.call(ProjectConfigurationManager.java:352) [org.eclipse.m2e.core_1.8.2.20171007-0217.jar:na]
	at org.eclipse.m2e.core.internal.project.ProjectConfigurationManager$2.call(ProjectConfigurationManager.java:1) [org.eclipse.m2e.core_1.8.2.20171007-0217.jar:na]
	at org.eclipse.m2e.core.internal.embedder.MavenExecutionContext.executeBare(MavenExecutionContext.java:177) [org.eclipse.m2e.core_1.8.2.20171007-0217.jar:na]
	at org.eclipse.m2e.core.internal.embedder.MavenExecutionContext.execute(MavenExecutionContext.java:151) [org.eclipse.m2e.core_1.8.2.20171007-0217.jar:na]
	at org.eclipse.m2e.core.internal.embedder.MavenExecutionContext.execute(MavenExecutionContext.java:99) [org.eclipse.m2e.core_1.8.2.20171007-0217.jar:na]
	at org.eclipse.m2e.core.internal.embedder.MavenImpl.execute(MavenImpl.java:1351) [org.eclipse.m2e.core_1.8.2.20171007-0217.jar:na]
	at org.eclipse.m2e.core.internal.project.ProjectConfigurationManager.updateProjectConfiguration(ProjectConfigurationManager.java:349) [org.eclipse.m2e.core_1.8.2.20171007-0217.jar:na]
	at org.eclipse.m2e.core.ui.internal.UpdateMavenProjectJob.runInWorkspace(UpdateMavenProjectJob.java:77) [org.eclipse.m2e.core.ui_1.8.2.20171007-0217.jar:na]
	at org.eclipse.core.internal.resources.InternalWorkspaceJob.run(InternalWorkspaceJob.java:39) [org.eclipse.core.resources_3.12.0.v20170417-1558.jar:na]
	at org.eclipse.core.internal.jobs.Worker.run(Worker.java:56) [org.eclipse.core.jobs_3.9.2.v20171030-1027.jar:na]
Caused by: org.eclipse.core.runtime.CoreException: One or more constraints have not been satisfied.
	at org.eclipse.wst.common.project.facet.core.internal.FacetedProject.modifyInternal(FacetedProject.java:363) ~[na:na]
	at org.eclipse.wst.common.project.facet.core.internal.FacetedProject.mergeChangesInternal(FacetedProject.java:1181) ~[na:na]
	at org.eclipse.wst.common.project.facet.core.internal.FacetedProject.access$2(FacetedProject.java:1117) ~[na:na]
	at org.eclipse.wst.common.project.facet.core.internal.FacetedProject$1.run(FacetedProject.java:324) ~[na:na]
	at org.eclipse.core.internal.resources.Workspace.run(Workspace.java:2240) ~[org.eclipse.core.resources_3.12.0.v20170417-1558.jar:na]
	at org.eclipse.core.internal.resources.Workspace.run(Workspace.java:2267) ~[org.eclipse.core.resources_3.12.0.v20170417-1558.jar:na]
	at org.eclipse.wst.common.project.facet.core.internal.FacetedProject.modify(FacetedProject.java:339) ~[na:na]
	at org.eclipse.m2e.wtp.WebProjectConfiguratorDelegate.configure(WebProjectConfiguratorDelegate.java:136) ~[na:na]
	at org.eclipse.m2e.wtp.AbstractProjectConfiguratorDelegate.configureProject(AbstractProjectConfiguratorDelegate.java:95) ~[na:na]
	... 18 common frames omitted
2018-08-24 23:08:03,925 [Worker-41] WARN  o.e.m.c.i.embedder.EclipseLogger - Using platform encoding (UTF-8 actually) to copy filtered resources, i.e. build is platform dependent!
2018-08-24 23:08:03,946 [Worker-41] INFO  o.e.m.c.i.embedder.EclipseLogger - Copying 0 resource
2018-08-24 23:08:03,949 [Worker-41] WARN  o.e.m.c.i.embedder.EclipseLogger - Using platform encoding (UTF-8 actually) to copy filtered resources, i.e. build is platform dependent!
2018-08-24 23:08:03,951 [Worker-41] INFO  o.e.m.c.i.embedder.EclipseLogger - Copying 0 resource
2018-08-24 23:08:05,224 [Worker-41] INFO  o.e.m.w.i.f.ResourceFilteringBuildParticipant - Cleaning filtered folder for promocoes
2018-08-24 23:08:05,241 [Worker-41] INFO  o.e.m.c.i.p.ProjectConfigurationManager - Update completed: 9 sec
2018-08-24 23:08:53,757 [Worker-35] INFO  o.e.m.c.i.e.AbstractTransferListenerAdapter - Downloading https://repo.maven.apache.org/maven2/org/hsqldb/hsqldb/2.3.3/hsqldb-2.3.3.pom
2018-08-24 23:08:54,059 [Worker-35] INFO  o.e.m.c.i.e.AbstractTransferListenerAdapter - Downloaded https://repo.maven.apache.org/maven2/org/hsqldb/hsqldb/2.3.3/hsqldb-2.3.3.pom
2018-08-24 23:08:54,349 [Worker-35] INFO  o.e.m.c.i.e.AbstractTransferListenerAdapter - Downloading https://repo.maven.apache.org/maven2/org/hsqldb/hsqldb/2.3.3/hsqldb-2.3.3.jar
2018-08-24 23:08:59,610 [Worker-35] INFO  o.e.m.c.i.e.AbstractTransferListenerAdapter - Downloaded https://repo.maven.apache.org/maven2/org/hsqldb/hsqldb/2.3.3/hsqldb-2.3.3.jar
2018-08-24 23:09:03,483 [Worker-46] INFO  o.e.m.c.i.p.ProjectConfigurationManager - Update started
2018-08-24 23:09:04,262 [Worker-46] INFO  o.e.m.c.i.l.LifecycleMappingFactory - Using org.maven.ide.eclipse.wtp.WarLifecycleMapping lifecycle mapping for MavenProject: br.com.javamagazine:promocoes:1.0.0-SNAPSHOT @ /Users/guimaraes/Google Drive/Devmedia/SPRING/artigo/IntrAqMSSpringBoot/codigo/promocoes/pom.xml.
2018-08-24 23:09:05,334 [Worker-46] WARN  o.e.m.c.i.embedder.EclipseLogger - Using platform encoding (UTF-8 actually) to copy filtered resources, i.e. build is platform dependent!
2018-08-24 23:09:05,338 [Worker-46] INFO  o.e.m.c.i.embedder.EclipseLogger - Copying 0 resource
2018-08-24 23:09:05,341 [Worker-46] WARN  o.e.m.c.i.embedder.EclipseLogger - Using platform encoding (UTF-8 actually) to copy filtered resources, i.e. build is platform dependent!
2018-08-24 23:09:05,344 [Worker-46] INFO  o.e.m.c.i.embedder.EclipseLogger - Copying 0 resource
2018-08-24 23:09:05,345 [Worker-46] INFO  o.e.m.w.i.f.ResourceFilteringBuildParticipant - Changed resources require a complete clean of filtered resources of promocoes
2018-08-24 23:09:05,349 [Worker-46] INFO  o.e.m.w.i.f.ResourceFilteringBuildParticipant - Executing resource filtering for promocoes
2018-08-24 23:09:05,360 [Worker-46] WARN  o.e.m.c.i.embedder.EclipseLogger - Using platform encoding (UTF-8 actually) to copy filtered resources, i.e. build is platform dependent!
2018-08-24 23:09:06,520 [Worker-46] INFO  o.e.m.j.i.AbstractJavaProjectConfigurator - Adding source folder /promocoes/src/main/java
2018-08-24 23:09:06,521 [Worker-46] INFO  o.e.m.j.i.AbstractJavaProjectConfigurator - Adding resource folder /promocoes/src/main/resources
2018-08-24 23:09:06,522 [Worker-46] INFO  o.e.m.j.i.AbstractJavaProjectConfigurator - Adding source folder /promocoes/src/test/java
2018-08-24 23:09:06,522 [Worker-46] INFO  o.e.m.j.i.AbstractJavaProjectConfigurator - Adding resource folder /promocoes/src/test/resources
2018-08-24 23:09:07,493 [Worker-46] ERROR o.e.m2e.wtp.WTPProjectConfigurator - Unable to configure promocoes
org.eclipse.m2e.wtp.MarkedException: Unable to configure promocoes
	at org.eclipse.m2e.wtp.AbstractProjectConfiguratorDelegate.configureProject(AbstractProjectConfiguratorDelegate.java:99) ~[na:na]
	at org.eclipse.m2e.wtp.WTPProjectConfigurator.configure(WTPProjectConfigurator.java:68) ~[na:na]
	at org.eclipse.m2e.core.project.configurator.AbstractLifecycleMapping.configure(AbstractLifecycleMapping.java:120) [org.eclipse.m2e.core_1.8.2.20171007-0217.jar:na]
	at org.eclipse.m2e.core.internal.project.ProjectConfigurationManager$3.call(ProjectConfigurationManager.java:508) [org.eclipse.m2e.core_1.8.2.20171007-0217.jar:na]
	at org.eclipse.m2e.core.internal.project.ProjectConfigurationManager$3.call(ProjectConfigurationManager.java:1) [org.eclipse.m2e.core_1.8.2.20171007-0217.jar:na]
	at org.eclipse.m2e.core.internal.embedder.MavenExecutionContext.executeBare(MavenExecutionContext.java:177) [org.eclipse.m2e.core_1.8.2.20171007-0217.jar:na]
	at org.eclipse.m2e.core.internal.embedder.MavenExecutionContext.execute(MavenExecutionContext.java:151) [org.eclipse.m2e.core_1.8.2.20171007-0217.jar:na]
	at org.eclipse.m2e.core.internal.project.ProjectConfigurationManager.updateProjectConfiguration(ProjectConfigurationManager.java:501) [org.eclipse.m2e.core_1.8.2.20171007-0217.jar:na]
	at org.eclipse.m2e.core.internal.project.ProjectConfigurationManager.updateProjectConfiguration0(ProjectConfigurationManager.java:439) [org.eclipse.m2e.core_1.8.2.20171007-0217.jar:na]
	at org.eclipse.m2e.core.internal.project.ProjectConfigurationManager$2.call(ProjectConfigurationManager.java:352) [org.eclipse.m2e.core_1.8.2.20171007-0217.jar:na]
	at org.eclipse.m2e.core.internal.project.ProjectConfigurationManager$2.call(ProjectConfigurationManager.java:1) [org.eclipse.m2e.core_1.8.2.20171007-0217.jar:na]
	at org.eclipse.m2e.core.internal.embedder.MavenExecutionContext.executeBare(MavenExecutionContext.java:177) [org.eclipse.m2e.core_1.8.2.20171007-0217.jar:na]
	at org.eclipse.m2e.core.internal.embedder.MavenExecutionContext.execute(MavenExecutionContext.java:151) [org.eclipse.m2e.core_1.8.2.20171007-0217.jar:na]
	at org.eclipse.m2e.core.internal.embedder.MavenExecutionContext.execute(MavenExecutionContext.java:99) [org.eclipse.m2e.core_1.8.2.20171007-0217.jar:na]
	at org.eclipse.m2e.core.internal.embedder.MavenImpl.execute(MavenImpl.java:1351) [org.eclipse.m2e.core_1.8.2.20171007-0217.jar:na]
	at org.eclipse.m2e.core.internal.project.ProjectConfigurationManager.updateProjectConfiguration(ProjectConfigurationManager.java:349) [org.eclipse.m2e.core_1.8.2.20171007-0217.jar:na]
	at org.eclipse.m2e.core.ui.internal.UpdateMavenProjectJob.runInWorkspace(UpdateMavenProjectJob.java:77) [org.eclipse.m2e.core.ui_1.8.2.20171007-0217.jar:na]
	at org.eclipse.core.internal.resources.InternalWorkspaceJob.run(InternalWorkspaceJob.java:39) [org.eclipse.core.resources_3.12.0.v20170417-1558.jar:na]
	at org.eclipse.core.internal.jobs.Worker.run(Worker.java:56) [org.eclipse.core.jobs_3.9.2.v20171030-1027.jar:na]
Caused by: org.eclipse.core.runtime.CoreException: One or more constraints have not been satisfied.
	at org.eclipse.wst.common.project.facet.core.internal.FacetedProject.modifyInternal(FacetedProject.java:363) ~[na:na]
	at org.eclipse.wst.common.project.facet.core.internal.FacetedProject.mergeChangesInternal(FacetedProject.java:1181) ~[na:na]
	at org.eclipse.wst.common.project.facet.core.internal.FacetedProject.access$2(FacetedProject.java:1117) ~[na:na]
	at org.eclipse.wst.common.project.facet.core.internal.FacetedProject$1.run(FacetedProject.java:324) ~[na:na]
	at org.eclipse.core.internal.resources.Workspace.run(Workspace.java:2240) ~[org.eclipse.core.resources_3.12.0.v20170417-1558.jar:na]
	at org.eclipse.core.internal.resources.Workspace.run(Workspace.java:2267) ~[org.eclipse.core.resources_3.12.0.v20170417-1558.jar:na]
	at org.eclipse.wst.common.project.facet.core.internal.FacetedProject.modify(FacetedProject.java:339) ~[na:na]
	at org.eclipse.m2e.wtp.WebProjectConfiguratorDelegate.configure(WebProjectConfiguratorDelegate.java:136) ~[na:na]
	at org.eclipse.m2e.wtp.AbstractProjectConfiguratorDelegate.configureProject(AbstractProjectConfiguratorDelegate.java:95) ~[na:na]
	... 18 common frames omitted
2018-08-24 23:09:08,970 [Worker-46] WARN  o.e.m.c.i.embedder.EclipseLogger - Using platform encoding (UTF-8 actually) to copy filtered resources, i.e. build is platform dependent!
2018-08-24 23:09:08,980 [Worker-46] INFO  o.e.m.c.i.embedder.EclipseLogger - Copying 0 resource
2018-08-24 23:09:08,986 [Worker-46] WARN  o.e.m.c.i.embedder.EclipseLogger - Using platform encoding (UTF-8 actually) to copy filtered resources, i.e. build is platform dependent!
2018-08-24 23:09:08,987 [Worker-46] INFO  o.e.m.c.i.embedder.EclipseLogger - Copying 0 resource
2018-08-24 23:09:08,989 [Worker-46] INFO  o.e.m.w.i.f.ResourceFilteringBuildParticipant - Changed resources require a complete clean of filtered resources of promocoes
2018-08-24 23:09:08,989 [Worker-46] INFO  o.e.m.w.i.f.ResourceFilteringBuildParticipant - Executing resource filtering for promocoes
2018-08-24 23:09:08,998 [Worker-46] WARN  o.e.m.c.i.embedder.EclipseLogger - Using platform encoding (UTF-8 actually) to copy filtered resources, i.e. build is platform dependent!
2018-08-24 23:09:09,468 [Worker-46] INFO  o.e.m.w.i.f.ResourceFilteringBuildParticipant - Cleaning filtered folder for promocoes
2018-08-24 23:09:09,476 [Worker-46] INFO  o.e.m.c.i.p.ProjectConfigurationManager - Update completed: 5 sec
2018-08-24 23:09:23,278 [Worker-15] INFO  o.e.m.i.launch.MavenLaunchDelegate - /Users/guimaraes/Google Drive/Devmedia/SPRING/artigo/IntrAqMSSpringBoot/codigo/promocoes
2018-08-24 23:09:23,279 [Worker-15] INFO  o.e.m.i.launch.MavenLaunchDelegate -  mvn -B clean
2018-08-24 23:09:35,413 [Worker-41] INFO  o.e.m.i.launch.MavenLaunchDelegate - /Users/guimaraes/Google Drive/Devmedia/SPRING/artigo/IntrAqMSSpringBoot/codigo/promocoes
2018-08-24 23:09:35,414 [Worker-41] INFO  o.e.m.i.launch.MavenLaunchDelegate -  mvn -B clean package
2018-08-24 23:11:43,931 [Worker-42] INFO  o.e.m.i.launch.MavenLaunchDelegate - /Users/guimaraes/Google Drive/Devmedia/SPRING/artigo/IntrAqMSSpringBoot/codigo/promocoes
2018-08-24 23:11:43,933 [Worker-42] INFO  o.e.m.i.launch.MavenLaunchDelegate -  mvn -B install
